<?xml version="1.0" encoding="UTF-8" ?>
<testsuite failures="0" time="0.14" errors="0" skipped="0" tests="1" name="com.first.app.AppTest">
  <properties>
    <property name="java.vendor" value="Oracle Corporation"/>
    <property name="JOB_NAME" value="Maven Test"/>
    <property name="PWD" value="/var/lib/jenkins"/>
    <property name="sun.java.launcher" value="SUN_STANDARD"/>
    <property name="sun.management.compiler" value="HotSpot Client Compiler"/>
    <property name="JENKINS_HOME" value="/app/ci/jenkins"/>
    <property name="PATH" value="/usr/kerberos/bin:/usr/local/bin:/bin:/usr/bin"/>
    <property name="HUDSON_SERVER_COOKIE" value="af9da0de67212c53"/>
    <property name="os.name" value="Linux"/>
    <property name="sun.boot.class.path" value="/usr/java/jdk1.7.0_17/jre/lib/resources.jar:/usr/java/jdk1.7.0_17/jre/lib/rt.jar:/usr/java/jdk1.7.0_17/jre/lib/sunrsasign.jar:/usr/java/jdk1.7.0_17/jre/lib/jsse.jar:/usr/java/jdk1.7.0_17/jre/lib/jce.jar:/usr/java/jdk1.7.0_17/jre/lib/charsets.jar:/usr/java/jdk1.7.0_17/jre/lib/jfr.jar:/usr/java/jdk1.7.0_17/jre/classes"/>
    <property name="EXECUTOR_NUMBER" value="0"/>
    <property name="java.vm.specification.vendor" value="Oracle Corporation"/>
    <property name="NODE_LABELS" value="master"/>
    <property name="SSH_ASKPASS" value="/usr/libexec/openssh/gnome-ssh-askpass"/>
    <property name="java.runtime.version" value="1.7.0_17-b02"/>
    <property name="user.name" value="jenkins"/>
    <property name="guice.disable.misplaced.annotation.check" value="true"/>
    <property name="user.language" value="en"/>
    <property name="sun.boot.library.path" value="/usr/java/jdk1.7.0_17/jre/lib/i386"/>
    <property name="java.version" value="1.7.0_17"/>
    <property name="user.timezone" value="US/Eastern"/>
    <property name="sun.arch.data.model" value="32"/>
    <property name="NODE_NAME" value="master"/>
    <property name="TERM" value="xterm"/>
    <property name="NLSPATH" value="/usr/dt/lib/nls/msg/%L/%N.cat"/>
    <property name="java.endorsed.dirs" value="/usr/java/jdk1.7.0_17/jre/lib/endorsed"/>
    <property name="BUILD_ID" value="2013-04-17_07-53-00"/>
    <property name="sun.cpu.isalist" value=""/>
    <property name="sun.jnu.encoding" value="UTF-8"/>
    <property name="file.encoding.pkg" value="sun.io"/>
    <property name="SHELL" value="/bin/bash"/>
    <property name="file.separator" value="/"/>
    <property name="java.specification.name" value="Java Platform API Specification"/>
    <property name="java.class.version" value="51.0"/>
    <property name="user.country" value="US"/>
    <property name="securerandom.source" value="file:/dev/./urandom"/>
    <property name="java.home" value="/usr/java/jdk1.7.0_17/jre"/>
    <property name="java.vm.info" value="mixed mode, sharing"/>
    <property name="LESSOPEN" value="|/usr/bin/lesspipe.sh %s"/>
    <property name="os.version" value="2.6.18-92.el5"/>
    <property name="sun.font.fontmanager" value="sun.awt.X11FontManager"/>
    <property name="path.separator" value=":"/>
    <property name="java.vm.version" value="23.7-b01"/>
    <property name="SHLVL" value="1"/>
    <property name="_" value="/usr/bin/java"/>
    <property name="java.awt.printerjob" value="sun.print.PSPrinterJob"/>
    <property name="sun.io.unicode.encoding" value="UnicodeLittle"/>
    <property name="awt.toolkit" value="sun.awt.X11.XToolkit"/>
    <property name="LOGNAME" value="jenkins"/>
    <property name="HOME" value="/var/lib/jenkins"/>
    <property name="G_BROKEN_FILENAMES" value="1"/>
    <property name="user.home" value="/var/lib/jenkins"/>
    <property name="BUILD_TAG" value="jenkins-Maven Test-4"/>
    <property name="JENKINS_SERVER_COOKIE" value="af9da0de67212c53"/>
    <property name="HUDSON_URL" value="http://10.202.64.167:8080/"/>
    <property name="java.specification.vendor" value="Oracle Corporation"/>
    <property name="CLASSPATH" value=""/>
    <property name="java.library.path" value="/usr/java/packages/lib/i386:/lib:/usr/lib"/>
    <property name="java.vendor.url" value="http://java.oracle.com/"/>
    <property name="java.vm.vendor" value="Oracle Corporation"/>
    <property name="HISTSIZE" value="1000"/>
    <property name="maven.home" value="/app/ci/maven/apache-maven-3.0.5"/>
    <property name="java.runtime.name" value="Java(TM) SE Runtime Environment"/>
    <property name="sun.java.command" value="org.jvnet.hudson.maven3.agent.Maven3Main /app/ci/maven/apache-maven-3.0.5 /var/cache/jenkins/war/WEB-INF/lib/remoting-2.23.jar /app/ci/jenkins/plugins/maven-plugin/WEB-INF/lib/maven3-interceptor-1.2.jar 56221"/>
    <property name="java.class.path" value="/app/ci/jenkins/plugins/maven-plugin/WEB-INF/lib/maven3-agent-1.2.jar:/app/ci/maven/apache-maven-3.0.5/boot/plexus-classworlds-2.4.jar"/>
    <property name="java.vm.specification.name" value="Java Virtual Machine Specification"/>
    <property name="java.vm.specification.version" value="1.7"/>
    <property name="sun.cpu.endian" value="little"/>
    <property name="M2_HOME" value="/app/ci/maven/apache-maven-3.0.5"/>
    <property name="MAIL" value="/var/spool/mail/jenkins"/>
    <property name="sun.os.patch.level" value="unknown"/>
    <property name="java.io.tmpdir" value="/tmp"/>
    <property name="HOSTNAME" value="localhost.localdomain"/>
    <property name="HUDSON_HOME" value="/app/ci/jenkins"/>
    <property name="PATH+MAVEN" value="/app/ci/maven/apache-maven-3.0.5/bin"/>
    <property name="BUILD_URL" value="http://10.202.64.167:8080/job/Maven%20Test/4/"/>
    <property name="java.vendor.url.bug" value="http://bugreport.sun.com/bugreport/"/>
    <property name="LS_COLORS" value="no=00:fi=00:di=00;34:ln=00;36:pi=40;33:so=00;35:bd=40;33;01:cd=40;33;01:or=01;05;37;41:mi=01;05;37;41:ex=00;32:*.cmd=00;32:*.exe=00;32:*.com=00;32:*.btm=00;32:*.bat=00;32:*.sh=00;32:*.csh=00;32:*.tar=00;31:*.tgz=00;31:*.arj=00;31:*.taz=00;31:*.lzh=00;31:*.zip=00;31:*.z=00;31:*.Z=00;31:*.gz=00;31:*.bz2=00;31:*.bz=00;31:*.tz=00;31:*.rpm=00;31:*.cpio=00;31:*.jpg=00;35:*.gif=00;35:*.bmp=00;35:*.xbm=00;35:*.xpm=00;35:*.png=00;35:*.tif=00;35:"/>
    <property name="java.awt.graphicsenv" value="sun.awt.X11GraphicsEnvironment"/>
    <property name="os.arch" value="i386"/>
    <property name="java.ext.dirs" value="/usr/java/jdk1.7.0_17/jre/lib/ext:/usr/java/packages/lib/ext"/>
    <property name="user.dir" value="/app/ci/jenkins/jobs/Maven Test/workspace"/>
    <property name="JOB_URL" value="http://10.202.64.167:8080/job/Maven%20Test/"/>
    <property name="line.separator" value="
"/>
    <property name="MAVEN_HOME" value="/app/ci/maven/apache-maven-3.0.5"/>
    <property name="java.vm.name" value="Java HotSpot(TM) Client VM"/>
    <property name="BUILD_NUMBER" value="4"/>
    <property name="JENKINS_URL" value="http://10.202.64.167:8080/"/>
    <property name="file.encoding" value="UTF-8"/>
    <property name="LANG" value="en_US.UTF-8"/>
    <property name="maven3.interceptor" value="/app/ci/jenkins/plugins/maven-plugin/WEB-INF/lib/maven3-interceptor-1.2.jar"/>
    <property name="CVS_RSH" value="ssh"/>
    <property name="WORKSPACE" value="/app/ci/jenkins/jobs/Maven Test/workspace"/>
    <property name="java.specification.version" value="1.7"/>
    <property name="INPUTRC" value="/etc/inputrc"/>
    <property name="USER" value="jenkins"/>
    <property name="XFILESEARCHPATH" value="/usr/dt/app-defaults/%L/Dt"/>
  </properties>
  <testcase time="0.013" classname="com.first.app.AppTest" name="testApp"/>
</testsuite>